<?xml version="1.0" encoding="UTF-8"?>
<testng-results skipped="0" failed="0" ignored="0" total="1" passed="1">
  <reporter-output>
  </reporter-output>
  <suite name="Default suite" duration-ms="48320" started-at="2019-05-26T18:18:32Z" finished-at="2019-05-26T18:19:20Z">
    <groups>
    </groups>
    <test name="Default test" duration-ms="48320" started-at="2019-05-26T18:18:32Z" finished-at="2019-05-26T18:19:20Z">
      <class name="com.systemadmin.Cheack_Out_Lenses">
        <test-method status="PASS" signature="setUp()[pri:0, instance:com.systemadmin.Cheack_Out_Lenses@553f17c]" name="setUp" is-config="true" duration-ms="14927" started-at="2019-05-26T18:18:32Z" finished-at="2019-05-26T18:18:47Z">
          <reporter-output>
          </reporter-output>
        </test-method> <!-- setUp -->
        <test-method status="PASS" signature="checkOut()[pri:0, instance:com.systemadmin.Cheack_Out_Lenses@553f17c]" name="checkOut" duration-ms="32652" started-at="2019-05-26T18:18:47Z" finished-at="2019-05-26T18:19:20Z">
          <reporter-output>
          </reporter-output>
        </test-method> <!-- checkOut -->
        <test-method status="PASS" signature="closeUp()[pri:0, instance:com.systemadmin.Cheack_Out_Lenses@553f17c]" name="closeUp" is-config="true" duration-ms="638" started-at="2019-05-26T18:19:20Z" finished-at="2019-05-26T18:19:20Z">
          <reporter-output>
          </reporter-output>
        </test-method> <!-- closeUp -->
      </class> <!-- com.systemadmin.Cheack_Out_Lenses -->
    </test> <!-- Default test -->
  </suite> <!-- Default suite -->
</testng-results>
